<?xml version="1.0" encoding="UTF-8"?>
<!-- Generated by org.testng.reporters.JUnitReportReporter -->
<testsuite hostname="Sunny-PC" name="com.Tests.TestProgram" tests="1" failures="0" timestamp="2 May 2021 16:37:06 GMT" time="14.215" errors="0">
  <testcase name="userVerifyLoanAmount" time="14.215" classname="com.Tests.TestProgram"/>
</testsuite> <!-- com.Tests.TestProgram -->
